<?xml version="1.0" encoding="UTF-8"?>
<!-- Generated by org.testng.reporters.JUnitReportReporter -->
<testsuite hostname="Leonids-MacBook-Air.local" failures="0" tests="3" name="scripts._07_DropdownTest" time="35.527" errors="0" timestamp="2023-05-12T19:13:59 EDT" skipped="0">
  <testcase classname="scripts._07_DropdownTest" name="testExpediaDropdowns" time="12.610"/>
  <system-out/>
  <testcase classname="scripts._07_DropdownTest" name="testUnsecurePasswordErrorMessage" time="13.097"/>
  <system-out/>
  <testcase classname="scripts._07_DropdownTest" name="testEbayDropdown" time="9.820"/>
  <system-out/>
</testsuite> <!-- scripts._07_DropdownTest -->
