<?xml version="1.0" encoding="UTF-8"?>
<!-- Generated by org.testng.reporters.JUnitReportReporter -->
<testsuite hostname="Leonids-MacBook-Air.local" failures="0" tests="7" name="scripts._12_Actions_Class" time="58.721" errors="0" timestamp="2023-05-12T19:13:59 EDT" skipped="0">
  <testcase classname="scripts._12_Actions_Class" name="moveToElementPractice1" time="14.088"/>
  <system-out/>
  <testcase classname="scripts._12_Actions_Class" name="moveToElementPractice2" time="11.747"/>
  <system-out/>
  <testcase classname="scripts._12_Actions_Class" name="clickOnElementPractice1" time="7.749"/>
  <system-out/>
  <testcase classname="scripts._12_Actions_Class" name="rightClickOnElementPractice" time="9.519"/>
  <system-out/>
  <testcase classname="scripts._12_Actions_Class" name="dragAndDropPractice" time="6.299"/>
  <system-out/>
  <testcase classname="scripts._12_Actions_Class" name="sendKeysToAnElement" time="3.618"/>
  <system-out/>
  <testcase classname="scripts._12_Actions_Class" name="practiceKeyDownAndKeyUp" time="5.701"/>
  <system-out/>
</testsuite> <!-- scripts._12_Actions_Class -->
