<?xml version="1.0" encoding="UTF-8"?>
<!-- Generated by org.testng.reporters.JUnitReportReporter -->
<testsuite hostname="Leonids-MacBook-Air.local" failures="0" tests="3" name="scripts._07_DropdownTest" time="38.348" errors="0" timestamp="2023-05-04T13:44:31 EDT" skipped="0">
  <testcase classname="scripts._07_DropdownTest" name="testUnsecurePasswordErrorMessage" time="14.684"/>
  <system-out/>
  <testcase classname="scripts._07_DropdownTest" name="testExpediaDropdowns" time="12.564"/>
  <system-out/>
  <testcase classname="scripts._07_DropdownTest" name="testEbayDropdown" time="11.100"/>
  <system-out/>
</testsuite> <!-- scripts._07_DropdownTest -->
