<?xml version="1.0" encoding="UTF-8"?>
<!-- Generated by org.testng.reporters.JUnitReportReporter -->
<testsuite hostname="Leonids-MacBook-Air.local" failures="0" tests="1" name="scripts._06_RadioButtonTest" time="11.966" errors="0" timestamp="2023-05-04T13:44:31 EDT" skipped="0">
  <testcase classname="scripts._06_RadioButtonTest" name="testFacebookGenderRadioButtons" time="11.966"/>
  <system-out/>
</testsuite> <!-- scripts._06_RadioButtonTest -->
