<?xml version="1.0" encoding="UTF-8"?>
<!-- Generated by org.testng.reporters.JUnitReportReporter -->
<testsuite hostname="Leonids-MacBook-Air.local" failures="0" tests="2" name="scripts._09_iFrames" time="26.543" errors="0" timestamp="2023-05-12T19:13:59 EDT" skipped="0">
  <testcase classname="scripts._09_iFrames" name="testIFrame1" time="20.283"/>
  <system-out/>
  <testcase classname="scripts._09_iFrames" name="testIFrame2" time="6.260"/>
  <system-out/>
</testsuite> <!-- scripts._09_iFrames -->
