<?xml version="1.0" encoding="UTF-8"?>
<!-- Generated by org.testng.reporters.JUnitReportReporter -->
<testsuite hostname="Leonids-MacBook-Air.local" failures="0" tests="1" name="scripts._03_EtsyTest" time="6.059" errors="0" timestamp="2023-05-04T13:44:31 EDT" skipped="0">
  <testcase classname="scripts._03_EtsyTest" name="testMainHeader" time="6.059"/>
  <system-out/>
</testsuite> <!-- scripts._03_EtsyTest -->
