<?xml version="1.0" encoding="UTF-8"?>
<!-- Generated by org.testng.reporters.JUnitReportReporter -->
<testsuite hostname="Leonids-MacBook-Air.local" failures="0" tests="1" name="scripts._03_EtsyTest" time="11.422" errors="0" timestamp="2023-05-12T19:13:59 EDT" skipped="0">
  <testcase classname="scripts._03_EtsyTest" name="testMainHeader" time="11.422"/>
  <system-out/>
</testsuite> <!-- scripts._03_EtsyTest -->
