<?xml version="1.0" encoding="UTF-8"?>
<!-- Generated by org.testng.reporters.JUnitReportReporter -->
<testsuite hostname="Leonids-MacBook-Air.local" failures="0" tests="1" name="scripts._04_GoogleSearchTest" time="6.970" errors="0" timestamp="2023-05-04T13:44:31 EDT" skipped="0">
  <testcase classname="scripts._04_GoogleSearchTest" name="testGoogleStoreLink" time="6.970"/>
  <system-out/>
</testsuite> <!-- scripts._04_GoogleSearchTest -->
