<?xml version="1.0" encoding="UTF-8"?>
<!-- Generated by org.testng.reporters.JUnitReportReporter -->
<testsuite hostname="Leonids-MacBook-Air.local" failures="0" tests="1" name="scripts._05_CheckBoxTest" time="6.655" errors="0" timestamp="2023-05-12T19:13:59 EDT" skipped="0">
  <testcase classname="scripts._05_CheckBoxTest" name="testCheckBoxInHeroApp" time="6.655"/>
  <system-out/>
</testsuite> <!-- scripts._05_CheckBoxTest -->
