<?xml version="1.0" encoding="UTF-8"?>
<!-- Generated by org.testng.reporters.JUnitReportReporter -->
<testsuite hostname="Leonids-MacBook-Air.local" failures="0" tests="3" name="scripts._03_EtsyTest" time="27.019" errors="0" timestamp="2023-04-27T19:12:12 EDT" skipped="0">
  <testcase classname="scripts._03_EtsyTest" name="etsyLogoIsDisplayed" time="8.766"/>
  <system-out/>
  <testcase classname="scripts._03_EtsyTest" name="testEtsySearchResult" time="11.017"/>
  <system-out/>
  <testcase classname="scripts._03_EtsyTest" name="testEtsySearch" time="7.236"/>
  <system-out/>
</testsuite> <!-- scripts._03_EtsyTest -->
