<?xml version="1.0" encoding="UTF-8"?>
<!-- Generated by org.testng.reporters.JUnitReportReporter -->
<testsuite hostname="Leonids-MacBook-Air.local" failures="0" tests="2" name="scripts._10_WindowHandles" time="37.787" errors="0" timestamp="2023-05-12T19:13:59 EDT" skipped="0">
  <testcase classname="scripts._10_WindowHandles" name="testTechGlobalSchoolFaceBookIcon" time="28.782"/>
  <system-out/>
  <testcase classname="scripts._10_WindowHandles" name="testWindowHandle2" time="9.005"/>
  <system-out/>
</testsuite> <!-- scripts._10_WindowHandles -->
