<?xml version="1.0" encoding="UTF-8"?>
<!-- Generated by org.testng.reporters.JUnitReportReporter -->
<testsuite hostname="Leonids-MacBook-Air.local" failures="0" tests="2" name="scripts._01_AppleTest" time="10.100" errors="0" timestamp="2023-05-04T13:44:31 EDT" skipped="1">
  <testcase classname="scripts._01_AppleTest" name="testAppleURL" time="10.100"/>
  <system-out/>
  <testcase classname="scripts._01_AppleTest" name="X">
    <skipped/>
  </testcase> <!-- X -->
  <system-out/>
</testsuite> <!-- scripts._01_AppleTest -->
