<?xml version="1.0" encoding="UTF-8"?>
<!-- Generated by org.testng.reporters.JUnitReportReporter -->
<testsuite hostname="Leonids-MacBook-Air.local" failures="0" tests="3" name="scripts._01_AppleTest" time="9.153" errors="0" timestamp="2023-04-27T19:12:12 EDT" skipped="1">
  <testcase classname="scripts._01_AppleTest" name="testAppleTitle" time="4.555"/>
  <system-out/>
  <testcase classname="scripts._01_AppleTest" name="testAppleURL" time="4.598"/>
  <system-out/>
  <testcase classname="scripts._01_AppleTest" name="X">
    <skipped/>
  </testcase> <!-- X -->
  <system-out/>
</testsuite> <!-- scripts._01_AppleTest -->
