<?xml version="1.0" encoding="UTF-8"?>
<!-- Generated by org.testng.reporters.JUnitReportReporter -->
<testsuite hostname="Leonids-MacBook-Air.local" failures="0" tests="1" name="scripts._02_TechGlobalTest" time="7.283" errors="0" timestamp="2023-04-27T19:12:12 EDT" skipped="0">
  <testcase classname="scripts._02_TechGlobalTest" name="testApplicationFormHeading" time="7.283"/>
  <system-out/>
</testsuite> <!-- scripts._02_TechGlobalTest -->
