<?xml version="1.0" encoding="UTF-8"?>
<!-- Generated by org.testng.reporters.JUnitReportReporter -->
<testsuite hostname="Leonids-MacBook-Air.local" failures="0" tests="5" name="scripts._08_Alerts" time="34.864" errors="0" timestamp="2023-05-12T19:13:59 EDT" skipped="0">
  <testcase classname="scripts._08_Alerts" name="testEtsySignInModel" time="10.630"/>
  <system-out/>
  <testcase classname="scripts._08_Alerts" name="testInformationWarningAlert" time="4.261"/>
  <system-out/>
  <testcase classname="scripts._08_Alerts" name="testConfirmationAlert" time="4.375"/>
  <system-out/>
  <testcase classname="scripts._08_Alerts" name="testPromptAlert" time="4.165"/>
  <system-out/>
  <testcase classname="scripts._08_Alerts" name="testAmazonAddressModal" time="11.433"/>
  <system-out/>
</testsuite> <!-- scripts._08_Alerts -->
