<?xml version="1.0" encoding="UTF-8"?>
<!-- Generated by org.testng.reporters.JUnitReportReporter -->
<testsuite hostname="Leonids-MacBook-Air.local" failures="0" tests="3" name="scripts._11_FileUpload" time="27.321" errors="0" timestamp="2023-05-12T19:13:59 EDT" skipped="0">
  <testcase classname="scripts._11_FileUpload" name="testFileUpload1" time="3.850"/>
  <system-out/>
  <testcase classname="scripts._11_FileUpload" name="testFileDownload" time="13.770"/>
  <system-out/>
  <testcase classname="scripts._11_FileUpload" name="testUploadFile3" time="9.701"/>
  <system-out/>
</testsuite> <!-- scripts._11_FileUpload -->
